2018-May-08 11:09:05 Наличие необходимых модулей php (check_php_modules): Ok
Все необходимые модули установлены
2018-May-08 11:09:05 Обязательные параметры PHP (check_php_settings): Ok
Настройки правильные
2018-May-08 11:09:05 Модули веб-сервера (check_security): Ok
Конфликтов не выявлено
2018-May-08 11:09:05 Значения переменных сервера (check_server_vars): Ok
Корректные
2018-May-08 11:09:05 Сохранение сессии (check_session): Ok
50% done
2018-May-08 11:09:05 Сохранение сессии (check_session): Ok
Успешно
2018-May-08 11:09:05 Параметры настройки UTF (mbstring и константа BX_UTF) (check_mbstring): Ok
Правильные. Сайт работает в UTF кодировке
2018-May-08 11:09:05 Служебные скрипты в корне сайта (check_install_scripts): Ok
Отсутствуют
2018-May-08 11:09:06 Работа с сокетами (check_socket): Ok
Connection to ssl://crm.metagarant.by:443	Success

Успешно
2018-May-08 11:09:06 Выполнение агентов на cron (check_bx_crontab): Ok
Успешно
2018-May-08 11:09:06 Бизнес-чат в реальном времени (check_pull_stream): Warning
Server version: 2 (nginx-push-stream-module)
Connection to 127.0.0.1:8895	Success
Connection to ssl://crm.metagarant.by:443	Success
Connection to 127.0.0.1:8895	Success
Connection to 127.0.0.1:8895	Success

Замечание. При наличии модуля мгновенных сообщений необходимо выключить продление сессии при активности в настройках главного модуля для снижения нагрузки на сервер.
2018-May-08 11:09:06 Живые комментарии в ленте сообщений (check_pull_comments): Ok
Успешно
2018-May-08 11:09:06 Видеозвонки (check_turn): Ok
Connection to turn.calls.bitrix24.com:40001	Success

Доступны
2018-May-08 11:09:17 Мобильное приложение Битрикс24 (check_access_mobile): Warning
Connection to checker.internal.bitrix24.com:80	Success
== Request ==
GET /check/?license_hash=ee054a156a095bf850f0e0539a11dc45&host=crm.metagarant.by&port=443&https=Y HTTP/1.1
host: checker.internal.bitrix24.com


== Response ==
HTTP/1.1 200 OK
Content-Type: text/plain
Date: Tue, 08 May 2018 08:08:57 GMT
Server: nginx/1.8.1
X-Powered-By: PHP/5.3.3
Content-Length: 46
Connection: keep-alive

== Body ==
Check: OK
Status: 200
Connection: keep-alive

==========
Connection to checker.internal.bitrix24.com:80	Success
== Request ==
GET /check/?license_hash=ee054a156a095bf850f0e0539a11dc45&host=crm.metagarant.by&port=8894&https=Y HTTP/1.1
host: checker.internal.bitrix24.com


== Response ==
HTTP/1.1 200 OK
Content-Type: text/plain
Date: Tue, 08 May 2018 08:09:07 GMT
Server: nginx/1.8.1
X-Powered-By: PHP/5.3.3
Content-Length: 33
Connection: keep-alive

== Body ==
Check: OK
Status: 0
Connection: 

==========

Замечание. Внешнее подключение к порталу есть, но нет доступа к порту чтения сообщений модуля nginx-push-stream, мгновенные сообщения в мобильном приложении работать не будут.
2018-May-08 11:09:17 Уведомления пользователям на мобильные устройства (push уведомления) (check_push_bitrix): Ok
Connection to ssl://cloud-messaging.bitrix24.com:443	Success

Успешно
2018-May-08 11:09:17 Работа с документами через Google Docs и MS Office Online (check_access_docs): Ok
Успешно
2018-May-08 11:09:18 Битрикс24.Диск. Быстрая работа с файлами (check_fast_download): Ok
Connection to ssl://crm.metagarant.by:443	Success

Успешно
2018-May-08 11:09:18 Поиск по содержимому документов (check_search): Ok
Успешно
2018-May-08 11:09:19 Отправка почтовых уведомлений (check_mail): Warning
Замечание. Отправлено. Время отправки: 1.63 сек.
2018-May-08 11:09:20 Доступ к облачным сервисам 1С-Битрикс (check_ca_file): Ok
Успешно
2018-May-08 11:09:20 Интеграция с почтой внутри компании (check_connect_mail): Ok
Успешно
2018-May-08 11:09:20 Интеграция с соцсетями (check_socnet): Warning
Замечание. Не настроена интеграция с bitrix24.net в настройках модуля социальных сервисов
2018-May-08 11:09:20 Работа с REST API (check_rest): Ok
Успешно
2018-May-08 11:09:20 Публикация сообщений в живую ленту из почты (check_mail_push): Warning
Замечание. Не удалось получить MX запись для домена crm.metagarant.by
2018-May-08 11:09:20 Доступ снаружи к Экстранет (check_extranet): Ok
Успешно
2018-May-08 11:09:20 Редактирование документов в MS Office (check_webdav): Ok
Connection to ssl://crm.metagarant.by:443	Success
Connection to ssl://crm.metagarant.by:443	Success
Connection to ssl://crm.metagarant.by:443	Success
Connection to ssl://crm.metagarant.by:443	Success
Connection to ssl://crm.metagarant.by:443	Success

Успешно
2018-May-08 11:09:21 Интеграция с внешними приложениями (MS Office, Outlook, Exchange) через безопасное подключение к порталу (check_socket_ssl): Ok
Connection to ssl://crm.metagarant.by:443 (certificate check enabled)	Success

Успешно
2018-May-08 11:09:21 Интеграция с Active Directory (check_ad): Warning
Замечание. Интеграция с AD сервером не настроена
2018-May-08 11:09:21 Единая авторизация в Windows сети (NTLM) (check_ntlm): Warning
Замечание. Выключена опция использования NTLM авторизации в настройках модуля ldap
2018-May-08 11:09:21 Оценка производительности сервера (check_perf): Ok
Connection to ssl://crm.metagarant.by:443	Success
Connection to ssl://crm.metagarant.by:443	Success
Connection to ssl://crm.metagarant.by:443	Success

Высокая (63.97 страниц в секунду)
2018-May-08 11:09:21 Ускорение открытия страниц (check_compression): Ok
Connection to ssl://crm.metagarant.by:443	Success

Работает: используется сжатие модулем сервера
